==========================================
SLURM_CLUSTER_NAME = param-brahma
SLURM_ARRAY_JOB_ID = 
SLURM_ARRAY_TASK_ID = 
SLURM_ARRAY_TASK_COUNT = 
SLURM_ARRAY_TASK_MAX = 
SLURM_ARRAY_TASK_MIN = 
SLURM_JOB_ACCOUNT = rahul
SLURM_JOB_ID = 4434121
SLURM_JOB_NAME = nlcg_checker
SLURM_JOB_NODELIST = cn[075-077,088-089,149-151]
SLURM_JOB_USER = mssujith
SLURM_JOB_UID = 7176
SLURM_JOB_PARTITION = standard
SLURM_TASK_PID = 7611
SLURM_SUBMIT_DIR = /home/mssujith/NLCG/checker
SLURM_CPUS_ON_NODE = 16
SLURM_NTASKS = 128
SLURM_TASK_PID = 7611
==========================================





************************************************** E N D    O F    I N V E R S I O N **************************************************
-------------------------------------------------------------------------------------------------------------------
Grid size            : 100 x 160
Grid discretization  : dz = 20, dx = 70
PML boundary layers  : 10
Frequencies used     : [0.1 0.2 0.4 0.9 2.  4.5] Hz
-------------------------------------------------------------------------------------------------------------------
Total iterarions     : 80
Initial residual     : 555525.6865427839
Minimised residual   : 4226.5953435000065
-------------------------------------------------------------------------------------------------------------------
The inversion was completed in 452 min, 18 sec
