==========================================
SLURM_CLUSTER_NAME = param-brahma
SLURM_ARRAY_JOB_ID = 
SLURM_ARRAY_TASK_ID = 
SLURM_ARRAY_TASK_COUNT = 
SLURM_ARRAY_TASK_MAX = 
SLURM_ARRAY_TASK_MIN = 
SLURM_JOB_ACCOUNT = rahul
SLURM_JOB_ID = 4437325
SLURM_JOB_NAME = nlcg_checker
SLURM_JOB_NODELIST = cn007
SLURM_JOB_USER = mssujith
SLURM_JOB_UID = 7176
SLURM_JOB_PARTITION = standard
SLURM_TASK_PID = 44268
SLURM_SUBMIT_DIR = /home/mssujith/NLCG/checker
SLURM_CPUS_ON_NODE = 32
SLURM_NTASKS = 32
SLURM_TASK_PID = 44268
==========================================





************************************************** E N D    O F    I N V E R S I O N **************************************************
-------------------------------------------------------------------------------------------------------------------
Grid size            : 97 x 153
Grid discretization  : dz = 15, dx = 70
PML boundary layers  : 10
Frequencies used     : [0.1 0.2 0.4 0.9 2.  4.5] Hz
-------------------------------------------------------------------------------------------------------------------
Total iterarions     : 80
Initial residual     : 2598931.992954962
Minimised residual   : 107.29856295935399
-------------------------------------------------------------------------------------------------------------------
The inversion was completed in 456 min, 33 sec
