==========================================
SLURM_CLUSTER_NAME = param-brahma
SLURM_ARRAY_JOB_ID = 
SLURM_ARRAY_TASK_ID = 
SLURM_ARRAY_TASK_COUNT = 
SLURM_ARRAY_TASK_MAX = 
SLURM_ARRAY_TASK_MIN = 
SLURM_JOB_ACCOUNT = rahul
SLURM_JOB_ID = 4433481
SLURM_JOB_NAME = nlcg_checker
SLURM_JOB_NODELIST = cn[026,067-068,092]
SLURM_JOB_USER = mssujith
SLURM_JOB_UID = 7176
SLURM_JOB_PARTITION = standard
SLURM_TASK_PID = 42351
SLURM_SUBMIT_DIR = /home/mssujith/NLCG/checker
SLURM_CPUS_ON_NODE = 48
SLURM_NTASKS = 128
SLURM_TASK_PID = 42351
==========================================





************************************************** E N D    O F    I N V E R S I O N **************************************************
-------------------------------------------------------------------------------------------------------------------
Grid size            : 100 x 200
Grid discretization  : dz = 10, dx = 30
PML boundary layers  : 10
Frequencies used     : [ 0.1   0.2   0.4   0.85  1.8   3.4   6.1  11.  ] Hz
-------------------------------------------------------------------------------------------------------------------
Total iterarions     : 20
Initial residual     : 2138.182790153519
Minimised residual   : 7.104499675489798
-------------------------------------------------------------------------------------------------------------------
The inversion was completed in 194 min, 43 sec
