==========================================
SLURM_CLUSTER_NAME = param-brahma
SLURM_ARRAY_JOB_ID = 
SLURM_ARRAY_TASK_ID = 
SLURM_ARRAY_TASK_COUNT = 
SLURM_ARRAY_TASK_MAX = 
SLURM_ARRAY_TASK_MIN = 
SLURM_JOB_ACCOUNT = rahul
SLURM_JOB_ID = 4433599
SLURM_JOB_NAME = nlcg_checker
SLURM_JOB_NODELIST = cn[040,053,068,071]
SLURM_JOB_USER = mssujith
SLURM_JOB_UID = 7176
SLURM_JOB_PARTITION = standard
SLURM_TASK_PID = 19868
SLURM_SUBMIT_DIR = /home/mssujith/NLCG/checker
SLURM_CPUS_ON_NODE = 32
SLURM_NTASKS = 128
SLURM_TASK_PID = 19868
==========================================





************************************************** E N D    O F    I N V E R S I O N **************************************************
-------------------------------------------------------------------------------------------------------------------
Grid size            : 100 x 160
Grid discretization  : dz = 20, dx = 70
PML boundary layers  : 10
Frequencies used     : [0.1 0.2 0.4 0.9 2.  4.5] Hz
-------------------------------------------------------------------------------------------------------------------
Total iterarions     : 50
Initial residual     : 1551026.1550566615
Minimised residual   : 3866.9555923743756
-------------------------------------------------------------------------------------------------------------------
The inversion was completed in 327 min, 8 sec
