==========================================
SLURM_CLUSTER_NAME = param-brahma
SLURM_ARRAY_JOB_ID = 
SLURM_ARRAY_TASK_ID = 
SLURM_ARRAY_TASK_COUNT = 
SLURM_ARRAY_TASK_MAX = 
SLURM_ARRAY_TASK_MIN = 
SLURM_JOB_ACCOUNT = rahul
SLURM_JOB_ID = 4430624
SLURM_JOB_NAME = marmousi_sm_init
SLURM_JOB_NODELIST = gpu[003-006]
SLURM_JOB_USER = mssujith
SLURM_JOB_UID = 7176
SLURM_JOB_PARTITION = gpu
SLURM_TASK_PID = 37317
SLURM_SUBMIT_DIR = /home/mssujith/GN
SLURM_CPUS_ON_NODE = 32
SLURM_NTASKS = 128
SLURM_TASK_PID = 37317
==========================================





************************************************** E N D    O F    I N V E R S I O N **************************************************
-------------------------------------------------------------------------------------------------------------------
Grid size            : 100 x 200
Grid discretization  : dz = 10, dx = 15
PML boundary layers  : 10
Frequencies used     : [ 0.1   0.18  0.32  0.58  1.05  1.9   3.4   6.1  11.  ] Hz
-------------------------------------------------------------------------------------------------------------------
Total iterarions     : 9
Initial residual     : 118588.31810568713
Minimised residual   : 2666.4710549111655
-------------------------------------------------------------------------------------------------------------------
The inversion was completed in 123 min, 56 sec
