==========================================
SLURM_CLUSTER_NAME = param-brahma
SLURM_ARRAY_JOB_ID = 
SLURM_ARRAY_TASK_ID = 
SLURM_ARRAY_TASK_COUNT = 
SLURM_ARRAY_TASK_MAX = 
SLURM_ARRAY_TASK_MIN = 
SLURM_JOB_ACCOUNT = rahul
SLURM_JOB_ID = 4430714
SLURM_JOB_NAME = marmousi_sm_init
SLURM_JOB_NODELIST = gpu[025-028]
SLURM_JOB_USER = mssujith
SLURM_JOB_UID = 7176
SLURM_JOB_PARTITION = gpu
SLURM_TASK_PID = 23919
SLURM_SUBMIT_DIR = /home/mssujith/GN
SLURM_CPUS_ON_NODE = 48
SLURM_NTASKS = 128
SLURM_TASK_PID = 23919
==========================================





************************************************** E N D    O F    I N V E R S I O N **************************************************
-------------------------------------------------------------------------------------------------------------------
Grid size            : 100 x 200
Grid discretization  : dz = 80, dx = 150
PML boundary layers  : 10
Frequencies used     : [0.1  0.2  0.4  0.85 1.8 ] Hz
-------------------------------------------------------------------------------------------------------------------
Total iterarions     : 9
Initial residual     : 28358200379.21353
Minimised residual   : 361545136591.3133
-------------------------------------------------------------------------------------------------------------------
The inversion was completed in 51 min, 25 sec
