==========================================
SLURM_CLUSTER_NAME = param-brahma
SLURM_ARRAY_JOB_ID = 
SLURM_ARRAY_TASK_ID = 
SLURM_ARRAY_TASK_COUNT = 
SLURM_ARRAY_TASK_MAX = 
SLURM_ARRAY_TASK_MIN = 
SLURM_JOB_ACCOUNT = rahul
SLURM_JOB_ID = 4431024
SLURM_JOB_NAME = marmousi_sm_init
SLURM_JOB_NODELIST = gpu[003-006]
SLURM_JOB_USER = mssujith
SLURM_JOB_UID = 7176
SLURM_JOB_PARTITION = gpu
SLURM_TASK_PID = 44355
SLURM_SUBMIT_DIR = /home/mssujith/GN
SLURM_CPUS_ON_NODE = 32
SLURM_NTASKS = 128
SLURM_TASK_PID = 44355
==========================================
/home/mssujith/GN/operators.py:215: RuntimeWarning: divide by zero encountered in double_scalars
  dMdk[indx2, k1] = - w**2 / ((Ki1[k1]**2))
/home/mssujith/GN/operators.py:239: RuntimeWarning: invalid value encountered in matmul
  Jt = -np.matmul(G.T, R3)
/home/apps/anaconda3/lib/python3.7/site-packages/scipy/sparse/linalg/dsolve/linsolve.py:206: MatrixRankWarning: Matrix is exactly singular
  warn("Matrix is exactly singular", MatrixRankWarning)
/home/mssujith/GN/operators.py:218: RuntimeWarning: invalid value encountered in multiply
  G = np.append(G, dMdk * p1, axis = 0)





************************************************** E N D    O F    I N V E R S I O N **************************************************
-------------------------------------------------------------------------------------------------------------------
Grid size            : 100 x 200
Grid discretization  : dz = 80, dx = 150
PML boundary layers  : 10
Frequencies used     : [0.1  0.2  0.4  0.85 1.8 ] Hz
-------------------------------------------------------------------------------------------------------------------
Total iterarions     : 9
Initial residual     : nan
Minimised residual   : nan
-------------------------------------------------------------------------------------------------------------------
The inversion was completed in 42 min, 13 sec
