==========================================
SLURM_CLUSTER_NAME = param-brahma
SLURM_ARRAY_JOB_ID = 
SLURM_ARRAY_TASK_ID = 
SLURM_ARRAY_TASK_COUNT = 
SLURM_ARRAY_TASK_MAX = 
SLURM_ARRAY_TASK_MIN = 
SLURM_JOB_ACCOUNT = rahul
SLURM_JOB_ID = 4431062
SLURM_JOB_NAME = marmousi_sm_init
SLURM_JOB_NODELIST = gpu[003-006]
SLURM_JOB_USER = mssujith
SLURM_JOB_UID = 7176
SLURM_JOB_PARTITION = gpu
SLURM_TASK_PID = 48672
SLURM_SUBMIT_DIR = /home/mssujith/GN
SLURM_CPUS_ON_NODE = 1
SLURM_NTASKS = 128
SLURM_TASK_PID = 48672
==========================================





************************************************** E N D    O F    I N V E R S I O N **************************************************
-------------------------------------------------------------------------------------------------------------------
Grid size            : 100 x 200
Grid discretization  : dz = 80, dx = 150
PML boundary layers  : 10
Frequencies used     : [0.1  0.2  0.4  0.85 1.8 ] Hz
-------------------------------------------------------------------------------------------------------------------
Total iterarions     : 9
Initial residual     : 428988532580.93524
Minimised residual   : 251991449522.93118
-------------------------------------------------------------------------------------------------------------------
The inversion was completed in 130 min, 56 sec
